2020-05-31 05:31:14 INFO  restartedMain com.bysj.office.OfficeApplication Starting OfficeApplication on DESKTOP-8VGHUIU with PID 17700 (F:\worksapces\Campus Office Management System\target\classes started by ms in F:\worksapces\Campus Office Management System)
2020-05-31 05:31:14 INFO  restartedMain com.bysj.office.OfficeApplication The following profiles are active: dev
2020-05-31 05:31:14 INFO  restartedMain org.springframework.boot.devtools.env.DevToolsPropertyDefaultsPostProcessor Devtools property defaults active! Set 'spring.devtools.add-properties' to 'false' to disable
2020-05-31 05:31:14 INFO  restartedMain org.springframework.boot.devtools.env.DevToolsPropertyDefaultsPostProcessor For additional web related logging consider setting the 'logging.level.web' property to 'DEBUG'
2020-05-31 05:31:16 INFO  restartedMain org.springframework.data.repository.config.RepositoryConfigurationDelegate Multiple Spring Data modules found, entering strict repository configuration mode!
2020-05-31 05:31:16 INFO  restartedMain org.springframework.data.repository.config.RepositoryConfigurationDelegate Bootstrapping Spring Data Redis repositories in DEFAULT mode.
2020-05-31 05:31:16 INFO  restartedMain org.springframework.data.repository.config.RepositoryConfigurationDelegate Finished Spring Data repository scanning in 51ms. Found 0 Redis repository interfaces.
2020-05-31 05:31:16 INFO  restartedMain org.springframework.context.support.PostProcessorRegistrationDelegate$BeanPostProcessorChecker Bean 'spring.datasource.dynamic-com.baomidou.dynamic.datasource.spring.boot.autoconfigure.DynamicDataSourceProperties' of type [com.baomidou.dynamic.datasource.spring.boot.autoconfigure.DynamicDataSourceProperties] is not eligible for getting processed by all BeanPostProcessors (for example: not eligible for auto-proxying)
2020-05-31 05:31:16 INFO  restartedMain org.springframework.context.support.PostProcessorRegistrationDelegate$BeanPostProcessorChecker Bean 'com.baomidou.dynamic.datasource.spring.boot.autoconfigure.DynamicDataSourceAutoConfiguration' of type [com.baomidou.dynamic.datasource.spring.boot.autoconfigure.DynamicDataSourceAutoConfiguration$$EnhancerBySpringCGLIB$$6eab62e9] is not eligible for getting processed by all BeanPostProcessors (for example: not eligible for auto-proxying)
2020-05-31 05:31:16 INFO  restartedMain org.springframework.context.support.PostProcessorRegistrationDelegate$BeanPostProcessorChecker Bean 'dsProcessor' of type [com.baomidou.dynamic.datasource.processor.DsHeaderProcessor] is not eligible for getting processed by all BeanPostProcessors (for example: not eligible for auto-proxying)
2020-05-31 05:31:16 INFO  restartedMain org.springframework.context.support.PostProcessorRegistrationDelegate$BeanPostProcessorChecker Bean 'dynamicDatasourceAnnotationAdvisor' of type [com.baomidou.dynamic.datasource.aop.DynamicDataSourceAnnotationAdvisor] is not eligible for getting processed by all BeanPostProcessors (for example: not eligible for auto-proxying)
2020-05-31 05:31:16 INFO  restartedMain org.springframework.context.support.PostProcessorRegistrationDelegate$BeanPostProcessorChecker Bean 'febsProperties' of type [com.bysj.office.common.properties.FebsProperties$$EnhancerBySpringCGLIB$$b0547c97] is not eligible for getting processed by all BeanPostProcessors (for example: not eligible for auto-proxying)
2020-05-31 05:31:16 INFO  restartedMain org.springframework.context.support.PostProcessorRegistrationDelegate$BeanPostProcessorChecker Bean 'shiroConfig' of type [com.bysj.office.common.authentication.ShiroConfig$$EnhancerBySpringCGLIB$$3e39e91e] is not eligible for getting processed by all BeanPostProcessors (for example: not eligible for auto-proxying)
2020-05-31 05:31:16 INFO  restartedMain org.springframework.context.support.PostProcessorRegistrationDelegate$BeanPostProcessorChecker Bean 'mybatis-plus-com.baomidou.mybatisplus.autoconfigure.MybatisPlusProperties' of type [com.baomidou.mybatisplus.autoconfigure.MybatisPlusProperties] is not eligible for getting processed by all BeanPostProcessors (for example: not eligible for auto-proxying)
2020-05-31 05:31:16 INFO  restartedMain org.springframework.context.support.PostProcessorRegistrationDelegate$BeanPostProcessorChecker Bean 'mybatisPlusConfigure' of type [com.bysj.office.common.configure.MybatisPlusConfigure$$EnhancerBySpringCGLIB$$8db39722] is not eligible for getting processed by all BeanPostProcessors (for example: not eligible for auto-proxying)
2020-05-31 05:31:16 INFO  restartedMain org.springframework.context.support.PostProcessorRegistrationDelegate$BeanPostProcessorChecker Bean 'paginationInterceptor' of type [com.baomidou.mybatisplus.extension.plugins.PaginationInterceptor] is not eligible for getting processed by all BeanPostProcessors (for example: not eligible for auto-proxying)
2020-05-31 05:31:16 INFO  restartedMain org.springframework.context.support.PostProcessorRegistrationDelegate$BeanPostProcessorChecker Bean 'com.baomidou.mybatisplus.autoconfigure.MybatisPlusAutoConfiguration' of type [com.baomidou.mybatisplus.autoconfigure.MybatisPlusAutoConfiguration$$EnhancerBySpringCGLIB$$42e55eb2] is not eligible for getting processed by all BeanPostProcessors (for example: not eligible for auto-proxying)
2020-05-31 05:31:16 INFO  restartedMain org.springframework.context.support.PostProcessorRegistrationDelegate$BeanPostProcessorChecker Bean 'dynamicDataSourceCreator' of type [com.baomidou.dynamic.datasource.DynamicDataSourceCreator] is not eligible for getting processed by all BeanPostProcessors (for example: not eligible for auto-proxying)
2020-05-31 05:31:16 INFO  restartedMain org.springframework.context.support.PostProcessorRegistrationDelegate$BeanPostProcessorChecker Bean 'dynamicDataSourceProvider' of type [com.baomidou.dynamic.datasource.provider.YmlDynamicDataSourceProvider] is not eligible for getting processed by all BeanPostProcessors (for example: not eligible for auto-proxying)
2020-05-31 05:31:16 INFO  restartedMain com.baomidou.dynamic.datasource.DynamicRoutingDataSource dynamic-datasource detect P6SPY plugin and enabled it
2020-05-31 05:31:16 INFO  restartedMain com.zaxxer.hikari.HikariDataSource base - Starting...
2020-05-31 05:31:17 INFO  restartedMain com.zaxxer.hikari.HikariDataSource base - Start completed.
2020-05-31 05:31:17 INFO  restartedMain com.baomidou.dynamic.datasource.DynamicRoutingDataSource dynamic-datasource - load a datasource named [base] success
2020-05-31 05:31:17 INFO  restartedMain com.baomidou.dynamic.datasource.DynamicRoutingDataSource dynamic-datasource initial loaded [1] datasource,primary datasource named [base]
2020-05-31 05:31:17 INFO  restartedMain org.springframework.context.support.PostProcessorRegistrationDelegate$BeanPostProcessorChecker Bean 'dataSource' of type [com.baomidou.dynamic.datasource.DynamicRoutingDataSource] is not eligible for getting processed by all BeanPostProcessors (for example: not eligible for auto-proxying)
2020-05-31 05:31:17 INFO  restartedMain org.springframework.context.support.PostProcessorRegistrationDelegate$BeanPostProcessorChecker Bean 'spring.datasource-org.springframework.boot.autoconfigure.jdbc.DataSourceProperties' of type [org.springframework.boot.autoconfigure.jdbc.DataSourceProperties] is not eligible for getting processed by all BeanPostProcessors (for example: not eligible for auto-proxying)
2020-05-31 05:31:17 INFO  restartedMain org.springframework.context.support.PostProcessorRegistrationDelegate$BeanPostProcessorChecker Bean 'org.springframework.boot.autoconfigure.jdbc.DataSourceInitializerInvoker' of type [org.springframework.boot.autoconfigure.jdbc.DataSourceInitializerInvoker] is not eligible for getting processed by all BeanPostProcessors (for example: not eligible for auto-proxying)
2020-05-31 05:31:17 INFO  restartedMain org.springframework.context.support.PostProcessorRegistrationDelegate$BeanPostProcessorChecker Bean 'sqlSessionFactory' of type [org.apache.ibatis.session.defaults.DefaultSqlSessionFactory] is not eligible for getting processed by all BeanPostProcessors (for example: not eligible for auto-proxying)
2020-05-31 05:31:17 INFO  restartedMain org.springframework.context.support.PostProcessorRegistrationDelegate$BeanPostProcessorChecker Bean 'sqlSessionTemplate' of type [org.mybatis.spring.SqlSessionTemplate] is not eligible for getting processed by all BeanPostProcessors (for example: not eligible for auto-proxying)
2020-05-31 05:31:17 INFO  restartedMain org.springframework.context.support.PostProcessorRegistrationDelegate$BeanPostProcessorChecker Bean 'userMapper' of type [org.mybatis.spring.mapper.MapperFactoryBean] is not eligible for getting processed by all BeanPostProcessors (for example: not eligible for auto-proxying)
2020-05-31 05:31:18 INFO  restartedMain org.springframework.context.support.PostProcessorRegistrationDelegate$BeanPostProcessorChecker Bean 'userMapper' of type [com.sun.proxy.$Proxy118] is not eligible for getting processed by all BeanPostProcessors (for example: not eligible for auto-proxying)
2020-05-31 05:31:18 INFO  restartedMain org.springframework.context.support.PostProcessorRegistrationDelegate$BeanPostProcessorChecker Bean 'userRoleMapper' of type [org.mybatis.spring.mapper.MapperFactoryBean] is not eligible for getting processed by all BeanPostProcessors (for example: not eligible for auto-proxying)
2020-05-31 05:31:18 INFO  restartedMain org.springframework.context.support.PostProcessorRegistrationDelegate$BeanPostProcessorChecker Bean 'userRoleMapper' of type [com.sun.proxy.$Proxy119] is not eligible for getting processed by all BeanPostProcessors (for example: not eligible for auto-proxying)
2020-05-31 05:31:18 INFO  restartedMain org.springframework.context.support.PostProcessorRegistrationDelegate$BeanPostProcessorChecker Bean 'userRoleServiceImpl' of type [com.bysj.office.system.service.impl.UserRoleServiceImpl] is not eligible for getting processed by all BeanPostProcessors (for example: not eligible for auto-proxying)
2020-05-31 05:31:18 INFO  restartedMain org.springframework.context.support.PostProcessorRegistrationDelegate$BeanPostProcessorChecker Bean 'userServiceImpl' of type [com.bysj.office.system.service.impl.UserServiceImpl] is not eligible for getting processed by all BeanPostProcessors (for example: not eligible for auto-proxying)
2020-05-31 05:31:18 INFO  restartedMain org.springframework.context.support.PostProcessorRegistrationDelegate$BeanPostProcessorChecker Bean 'roleMapper' of type [org.mybatis.spring.mapper.MapperFactoryBean] is not eligible for getting processed by all BeanPostProcessors (for example: not eligible for auto-proxying)
2020-05-31 05:31:18 INFO  restartedMain org.springframework.context.support.PostProcessorRegistrationDelegate$BeanPostProcessorChecker Bean 'roleMapper' of type [com.sun.proxy.$Proxy122] is not eligible for getting processed by all BeanPostProcessors (for example: not eligible for auto-proxying)
2020-05-31 05:31:18 INFO  restartedMain org.springframework.context.support.PostProcessorRegistrationDelegate$BeanPostProcessorChecker Bean 'roleMenuMapper' of type [org.mybatis.spring.mapper.MapperFactoryBean] is not eligible for getting processed by all BeanPostProcessors (for example: not eligible for auto-proxying)
2020-05-31 05:31:18 INFO  restartedMain org.springframework.context.support.PostProcessorRegistrationDelegate$BeanPostProcessorChecker Bean 'roleMenuMapper' of type [com.sun.proxy.$Proxy123] is not eligible for getting processed by all BeanPostProcessors (for example: not eligible for auto-proxying)
2020-05-31 05:31:18 INFO  restartedMain org.springframework.context.support.PostProcessorRegistrationDelegate$BeanPostProcessorChecker Bean 'roleMenuServiceImpl' of type [com.bysj.office.system.service.impl.RoleMenuServiceImpl] is not eligible for getting processed by all BeanPostProcessors (for example: not eligible for auto-proxying)
2020-05-31 05:31:18 INFO  restartedMain org.springframework.context.support.PostProcessorRegistrationDelegate$BeanPostProcessorChecker Bean 'roleServiceImpl' of type [com.bysj.office.system.service.impl.RoleServiceImpl] is not eligible for getting processed by all BeanPostProcessors (for example: not eligible for auto-proxying)
2020-05-31 05:31:18 INFO  restartedMain org.springframework.context.support.PostProcessorRegistrationDelegate$BeanPostProcessorChecker Bean 'menuMapper' of type [org.mybatis.spring.mapper.MapperFactoryBean] is not eligible for getting processed by all BeanPostProcessors (for example: not eligible for auto-proxying)
2020-05-31 05:31:18 INFO  restartedMain org.springframework.context.support.PostProcessorRegistrationDelegate$BeanPostProcessorChecker Bean 'menuMapper' of type [com.sun.proxy.$Proxy126] is not eligible for getting processed by all BeanPostProcessors (for example: not eligible for auto-proxying)
2020-05-31 05:31:18 INFO  restartedMain org.springframework.context.support.PostProcessorRegistrationDelegate$BeanPostProcessorChecker Bean 'menuServiceImpl' of type [com.bysj.office.system.service.impl.MenuServiceImpl] is not eligible for getting processed by all BeanPostProcessors (for example: not eligible for auto-proxying)
2020-05-31 05:31:18 INFO  restartedMain org.springframework.context.support.PostProcessorRegistrationDelegate$BeanPostProcessorChecker Bean 'shiroRealm' of type [com.bysj.office.common.authentication.ShiroRealm] is not eligible for getting processed by all BeanPostProcessors (for example: not eligible for auto-proxying)
2020-05-31 05:31:18 INFO  restartedMain org.springframework.context.support.PostProcessorRegistrationDelegate$BeanPostProcessorChecker Bean 'redisSessionDAO' of type [org.crazycake.shiro.RedisSessionDAO] is not eligible for getting processed by all BeanPostProcessors (for example: not eligible for auto-proxying)
2020-05-31 05:31:18 INFO  restartedMain org.springframework.context.support.PostProcessorRegistrationDelegate$BeanPostProcessorChecker Bean 'sessionManager' of type [org.apache.shiro.web.session.mgt.DefaultWebSessionManager] is not eligible for getting processed by all BeanPostProcessors (for example: not eligible for auto-proxying)
2020-05-31 05:31:18 INFO  restartedMain org.springframework.context.support.PostProcessorRegistrationDelegate$BeanPostProcessorChecker Bean 'securityManager' of type [org.apache.shiro.web.mgt.DefaultWebSecurityManager] is not eligible for getting processed by all BeanPostProcessors (for example: not eligible for auto-proxying)
2020-05-31 05:31:18 INFO  restartedMain org.springframework.context.support.PostProcessorRegistrationDelegate$BeanPostProcessorChecker Bean 'authorizationAttributeSourceAdvisor' of type [org.apache.shiro.spring.security.interceptor.AuthorizationAttributeSourceAdvisor] is not eligible for getting processed by all BeanPostProcessors (for example: not eligible for auto-proxying)
2020-05-31 05:31:19 INFO  restartedMain org.springframework.boot.web.embedded.tomcat.TomcatWebServer Tomcat initialized with port(s): 8080 (http)
2020-05-31 05:31:19 INFO  restartedMain org.apache.coyote.http11.Http11NioProtocol Initializing ProtocolHandler ["http-nio-8080"]
2020-05-31 05:31:19 INFO  restartedMain org.apache.catalina.core.StandardService Starting service [Tomcat]
2020-05-31 05:31:19 INFO  restartedMain org.apache.catalina.core.StandardEngine Starting Servlet engine: [Apache Tomcat/9.0.33]
2020-05-31 05:31:19 INFO  restartedMain org.apache.catalina.core.ContainerBase.[Tomcat].[localhost].[/] Initializing Spring embedded WebApplicationContext
2020-05-31 05:31:19 INFO  restartedMain org.springframework.web.context.ContextLoader Root WebApplicationContext: initialization completed in 5081 ms
2020-05-31 05:31:20 INFO  restartedMain org.springframework.boot.actuate.endpoint.web.EndpointLinksResolver Exposing 2 endpoint(s) beneath base path '/actuator'
2020-05-31 05:31:21 INFO  restartedMain springfox.documentation.spring.web.PropertySourcedRequestMappingHandlerMapping Mapped URL path [/v2/api-docs] onto method [springfox.documentation.swagger2.web.Swagger2Controller#getDocumentation(String, HttpServletRequest)]
2020-05-31 05:31:21 INFO  restartedMain org.springframework.scheduling.concurrent.ThreadPoolTaskExecutor Initializing ExecutorService
2020-05-31 05:31:21 INFO  restartedMain org.springframework.scheduling.concurrent.ThreadPoolTaskExecutor Initializing ExecutorService 'febsAsyncThreadPool'
2020-05-31 05:31:21 INFO  restartedMain org.springframework.boot.devtools.autoconfigure.OptionalLiveReloadServer LiveReload server is running on port 35729
2020-05-31 05:31:21 INFO  restartedMain org.springframework.boot.autoconfigure.web.servlet.WelcomePageHandlerMapping Adding welcome page template: index
2020-05-31 05:31:22 INFO  restartedMain org.quartz.impl.StdSchedulerFactory Using default implementation for ThreadExecutor
2020-05-31 05:31:22 INFO  restartedMain org.quartz.core.SchedulerSignalerImpl Initialized Scheduler Signaller of type: class org.quartz.core.SchedulerSignalerImpl
2020-05-31 05:31:22 INFO  restartedMain org.quartz.core.QuartzScheduler Quartz Scheduler v.2.3.2 created.
2020-05-31 05:31:22 INFO  restartedMain org.quartz.simpl.RAMJobStore RAMJobStore initialized.
2020-05-31 05:31:22 INFO  restartedMain org.quartz.core.QuartzScheduler Scheduler meta-data: Quartz Scheduler (v2.3.2) 'quartzScheduler' with instanceId 'NON_CLUSTERED'
  Scheduler class: 'org.quartz.core.QuartzScheduler' - running locally.
  NOT STARTED.
  Currently in standby mode.
  Number of jobs executed: 0
  Using thread pool 'org.quartz.simpl.SimpleThreadPool' - with 10 threads.
  Using job-store 'org.quartz.simpl.RAMJobStore' - which does not support persistence. and is not clustered.

2020-05-31 05:31:22 INFO  restartedMain org.quartz.impl.StdSchedulerFactory Quartz scheduler 'quartzScheduler' initialized from an externally provided properties instance.
2020-05-31 05:31:22 INFO  restartedMain org.quartz.impl.StdSchedulerFactory Quartz scheduler version: 2.3.2
2020-05-31 05:31:22 INFO  restartedMain org.quartz.core.QuartzScheduler JobFactory set to: org.springframework.scheduling.quartz.SpringBeanJobFactory@12dc9a8
2020-05-31 05:31:22 INFO  restartedMain springfox.documentation.spring.web.plugins.DocumentationPluginsBootstrapper Context refreshed
2020-05-31 05:31:22 INFO  restartedMain springfox.documentation.spring.web.plugins.DocumentationPluginsBootstrapper Found 1 custom documentation plugin(s)
2020-05-31 05:31:22 INFO  restartedMain springfox.documentation.spring.web.scanners.ApiListingReferenceScanner Scanning for api listing references
2020-05-31 05:31:22 INFO  restartedMain springfox.documentation.spring.web.readers.operation.CachingOperationNameGenerator Generating unique operation named: exportUsingPOST_1
2020-05-31 05:31:22 INFO  restartedMain springfox.documentation.spring.web.readers.operation.CachingOperationNameGenerator Generating unique operation named: exportUsingPOST_2
2020-05-31 05:31:22 INFO  restartedMain springfox.documentation.spring.web.readers.operation.CachingOperationNameGenerator Generating unique operation named: exportUsingPOST_3
2020-05-31 05:31:22 INFO  restartedMain springfox.documentation.spring.web.readers.operation.CachingOperationNameGenerator Generating unique operation named: exportUsingPOST_4
2020-05-31 05:31:22 INFO  restartedMain springfox.documentation.spring.web.readers.operation.CachingOperationNameGenerator Generating unique operation named: exportUsingPOST_5
2020-05-31 05:31:22 INFO  restartedMain springfox.documentation.spring.web.readers.operation.CachingOperationNameGenerator Generating unique operation named: exportUsingGET_1
2020-05-31 05:31:22 INFO  restartedMain springfox.documentation.spring.web.readers.operation.CachingOperationNameGenerator Generating unique operation named: exportUsingPOST_6
2020-05-31 05:31:22 INFO  restartedMain springfox.documentation.spring.web.readers.operation.CachingOperationNameGenerator Generating unique operation named: exportUsingGET_2
2020-05-31 05:31:22 INFO  restartedMain springfox.documentation.spring.web.readers.operation.CachingOperationNameGenerator Generating unique operation named: indexUsingGET_1
2020-05-31 05:31:23 INFO  restartedMain org.springframework.scheduling.quartz.SchedulerFactoryBean Starting Quartz Scheduler now
2020-05-31 05:31:23 INFO  restartedMain org.quartz.core.QuartzScheduler Scheduler quartzScheduler_$_NON_CLUSTERED started.
2020-05-31 05:31:23 INFO  restartedMain org.apache.coyote.http11.Http11NioProtocol Starting ProtocolHandler ["http-nio-8080"]
2020-05-31 05:31:23 INFO  restartedMain org.springframework.boot.web.embedded.tomcat.TomcatWebServer Tomcat started on port(s): 8080 (http) with context path ''
2020-05-31 05:31:23 INFO  restartedMain com.bysj.office.OfficeApplication Started OfficeApplication in 9.486 seconds (JVM running for 11.079)
2020-05-31 05:31:23 INFO  restartedMain io.lettuce.core.EpollProvider Starting without optional epoll library
2020-05-31 05:31:23 INFO  restartedMain io.lettuce.core.KqueueProvider Starting without optional kqueue library
2020-05-31 05:31:23 INFO  restartedMain com.bysj.office.common.runner.FebsStartedUpRunner Campus office management system boot up! URL：http://192.168.145.130:8080/login
2020-05-31 05:31:25 INFO  http-nio-8080-exec-1 org.apache.catalina.core.ContainerBase.[Tomcat].[localhost].[/] Initializing Spring DispatcherServlet 'dispatcherServlet'
2020-05-31 05:31:25 INFO  http-nio-8080-exec-1 org.springframework.web.servlet.DispatcherServlet Initializing Servlet 'dispatcherServlet'
2020-05-31 05:31:25 INFO  http-nio-8080-exec-1 org.springframework.web.servlet.DispatcherServlet Completed initialization in 14 ms
2020-05-31 05:31:25 INFO  http-nio-8080-exec-1 org.apache.shiro.session.mgt.AbstractValidatingSessionManager Enabling session validation scheduler...
2020-05-31 05:31:57 INFO  http-nio-8080-exec-1 p6spy 2020-05-31 05:31:57 | time 1 ms | SQL ：
SELECT u.user_id userId, u.username, u.name, u.email, u.mobile, u.password, u.status, u.create_time createTime, u.dept_id deptId, u.last_login_time lastLoginTime, u.modify_time modifyTime, u.description, u.avatar, u.theme, u.is_tab isTab, GROUP_CONCAT(r.role_id) roleId, GROUP_CONCAT(r.ROLE_NAME) roleName FROM t_user u LEFT JOIN t_user_role ur ON (u.user_id = ur.user_id) LEFT JOIN t_role r ON r.role_id = ur.role_id WHERE u.username = 'admin' GROUP BY u.username, u.user_id, u.name, u.email, u.mobile, u.password, u.status, u.create_time, u.dept_id, u.last_login_time, u.modify_time, u.description, u.avatar, u.theme, u.is_tab;
2020-05-31 05:31:57 INFO  http-nio-8080-exec-2 p6spy 2020-05-31 05:31:57 | time 0 ms | SQL ：
SELECT r.* FROM t_role r LEFT JOIN t_user_role ur ON (r.role_id = ur.role_id) LEFT JOIN t_user u ON (u.user_id = ur.user_id) WHERE u.username = 'admin';
2020-05-31 05:31:57 INFO  http-nio-8080-exec-2 p6spy 2020-05-31 05:31:57 | time 1 ms | SQL ：
SELECT m.perms FROM t_role r LEFT JOIN t_user_role ur ON (r.role_id = ur.role_id) LEFT JOIN t_user u ON (u.user_id = ur.user_id) LEFT JOIN t_role_menu rm ON (rm.role_id = r.role_id) LEFT JOIN t_menu m ON (m.menu_id = rm.menu_id) WHERE u.username = 'admin' AND m.perms IS NOT NULL AND m.perms <> '';
2020-05-31 05:31:57 INFO  http-nio-8080-exec-2 p6spy 2020-05-31 05:31:57 | time 1 ms | SQL ：
SELECT u.user_id userId, u.username, u.name, u.email, u.mobile, u.password, u.status, u.create_time createTime, u.dept_id deptId, u.last_login_time lastLoginTime, u.modify_time modifyTime, u.description, u.avatar, u.theme, u.is_tab isTab, GROUP_CONCAT(r.role_id) roleId, GROUP_CONCAT(r.ROLE_NAME) roleName FROM t_user u LEFT JOIN t_user_role ur ON (u.user_id = ur.user_id) LEFT JOIN t_role r ON r.role_id = ur.role_id WHERE u.username = 'admin' GROUP BY u.username, u.user_id, u.name, u.email, u.mobile, u.password, u.status, u.create_time, u.dept_id, u.last_login_time, u.modify_time, u.description, u.avatar, u.theme, u.is_tab;
2020-05-31 05:31:57 INFO  http-nio-8080-exec-2 p6spy 2020-05-31 05:31:57 | time 0 ms | SQL ：
SELECT id, createtime, title, content FROM t_notification;
2020-05-31 05:31:57 INFO  http-nio-8080-exec-9 com.bysj.office.base.controller.WebSocketServer User connection:1,Number of people online:1
2020-05-31 05:31:57 INFO  http-nio-8080-exec-9 p6spy 2020-05-31 05:31:57 | time 7 ms | SQL ：
SELECT m.* FROM t_menu m WHERE m.type <> 1 AND m.MENU_ID IN (SELECT DISTINCT rm.menu_id FROM t_role_menu rm LEFT JOIN t_role r ON (rm.role_id = r.role_id) LEFT JOIN t_user_role ur ON (ur.role_id = r.role_id) LEFT JOIN t_user u ON (u.user_id = ur.user_id) WHERE u.username = 'admin') ORDER BY m.order_num;
2020-05-31 05:31:58 INFO  http-nio-8080-exec-10 p6spy 2020-05-31 05:31:58 | time 0 ms | SQL ：
UPDATE t_user SET LAST_LOGIN_TIME = '2020-05-31T05:31:58.028+0800' WHERE (USERNAME = 'admin');
2020-05-31 05:32:03 INFO  http-nio-8080-exec-3 p6spy 2020-05-31 05:32:03 | time 5 ms | SQL ：
SELECT COUNT(1) FROM ( SELECT u.user_id userId, u.username, u.name, u.email, u.mobile, u.status, u.create_time createTime, u.dept_id deptId, u.last_login_time lastLoginTime, u.modify_time modifyTime, u.description, u.avatar, GROUP_CONCAT(r.role_id) roleId, GROUP_CONCAT(r.ROLE_NAME) roleName FROM t_user u LEFT JOIN t_user_role ur ON (u.user_id = ur.user_id) LEFT JOIN t_role r ON r.role_id = ur.role_id WHERE 1 = 1 GROUP BY u.username, u.user_id, u.name, u.email, u.mobile, u.status, u.create_time, u.dept_id, u.last_login_time, u.modify_time, u.description, u.avatar ) TOTAL;
2020-05-31 05:32:03 INFO  http-nio-8080-exec-3 p6spy 2020-05-31 05:32:03 | time 5 ms | SQL ：
SELECT u.user_id userId, u.username, u.name, u.email, u.mobile, u.status, u.create_time createTime, u.dept_id deptId, u.last_login_time lastLoginTime, u.modify_time modifyTime, u.description, u.avatar, GROUP_CONCAT(r.role_id) roleId, GROUP_CONCAT(r.ROLE_NAME) roleName FROM t_user u LEFT JOIN t_user_role ur ON (u.user_id = ur.user_id) LEFT JOIN t_role r ON r.role_id = ur.role_id WHERE 1 = 1 GROUP BY u.username, u.user_id, u.name, u.email, u.mobile, u.status, u.create_time, u.dept_id, u.last_login_time, u.modify_time, u.description, u.avatar ORDER BY userId LIMIT 0,10;
2020-05-31 05:32:04 INFO  http-nio-8080-exec-7 com.bysj.office.base.controller.WebSocketServer User Exit:1,Number of people online0
2020-05-31 05:32:18 INFO  restartedMain com.bysj.office.OfficeApplication Starting OfficeApplication on DESKTOP-8VGHUIU with PID 8084 (F:\worksapces\Campus Office Management System\target\classes started by ms in F:\worksapces\Campus Office Management System)
2020-05-31 05:32:18 INFO  restartedMain com.bysj.office.OfficeApplication The following profiles are active: dev
2020-05-31 05:32:18 INFO  restartedMain org.springframework.boot.devtools.env.DevToolsPropertyDefaultsPostProcessor Devtools property defaults active! Set 'spring.devtools.add-properties' to 'false' to disable
2020-05-31 05:32:18 INFO  restartedMain org.springframework.boot.devtools.env.DevToolsPropertyDefaultsPostProcessor For additional web related logging consider setting the 'logging.level.web' property to 'DEBUG'
2020-05-31 05:32:20 INFO  restartedMain org.springframework.data.repository.config.RepositoryConfigurationDelegate Multiple Spring Data modules found, entering strict repository configuration mode!
2020-05-31 05:32:20 INFO  restartedMain org.springframework.data.repository.config.RepositoryConfigurationDelegate Bootstrapping Spring Data Redis repositories in DEFAULT mode.
2020-05-31 05:32:20 INFO  restartedMain org.springframework.data.repository.config.RepositoryConfigurationDelegate Finished Spring Data repository scanning in 54ms. Found 0 Redis repository interfaces.
2020-05-31 05:32:21 INFO  restartedMain org.springframework.context.support.PostProcessorRegistrationDelegate$BeanPostProcessorChecker Bean 'spring.datasource.dynamic-com.baomidou.dynamic.datasource.spring.boot.autoconfigure.DynamicDataSourceProperties' of type [com.baomidou.dynamic.datasource.spring.boot.autoconfigure.DynamicDataSourceProperties] is not eligible for getting processed by all BeanPostProcessors (for example: not eligible for auto-proxying)
2020-05-31 05:32:21 INFO  restartedMain org.springframework.context.support.PostProcessorRegistrationDelegate$BeanPostProcessorChecker Bean 'com.baomidou.dynamic.datasource.spring.boot.autoconfigure.DynamicDataSourceAutoConfiguration' of type [com.baomidou.dynamic.datasource.spring.boot.autoconfigure.DynamicDataSourceAutoConfiguration$$EnhancerBySpringCGLIB$$532f95c0] is not eligible for getting processed by all BeanPostProcessors (for example: not eligible for auto-proxying)
2020-05-31 05:32:21 INFO  restartedMain org.springframework.context.support.PostProcessorRegistrationDelegate$BeanPostProcessorChecker Bean 'dsProcessor' of type [com.baomidou.dynamic.datasource.processor.DsHeaderProcessor] is not eligible for getting processed by all BeanPostProcessors (for example: not eligible for auto-proxying)
2020-05-31 05:32:21 INFO  restartedMain org.springframework.context.support.PostProcessorRegistrationDelegate$BeanPostProcessorChecker Bean 'dynamicDatasourceAnnotationAdvisor' of type [com.baomidou.dynamic.datasource.aop.DynamicDataSourceAnnotationAdvisor] is not eligible for getting processed by all BeanPostProcessors (for example: not eligible for auto-proxying)
2020-05-31 05:32:21 INFO  restartedMain org.springframework.context.support.PostProcessorRegistrationDelegate$BeanPostProcessorChecker Bean 'febsProperties' of type [com.bysj.office.common.properties.FebsProperties$$EnhancerBySpringCGLIB$$94d8af6e] is not eligible for getting processed by all BeanPostProcessors (for example: not eligible for auto-proxying)
2020-05-31 05:32:21 INFO  restartedMain org.springframework.context.support.PostProcessorRegistrationDelegate$BeanPostProcessorChecker Bean 'shiroConfig' of type [com.bysj.office.common.authentication.ShiroConfig$$EnhancerBySpringCGLIB$$22be1bf5] is not eligible for getting processed by all BeanPostProcessors (for example: not eligible for auto-proxying)
2020-05-31 05:32:21 INFO  restartedMain org.springframework.context.support.PostProcessorRegistrationDelegate$BeanPostProcessorChecker Bean 'mybatis-plus-com.baomidou.mybatisplus.autoconfigure.MybatisPlusProperties' of type [com.baomidou.mybatisplus.autoconfigure.MybatisPlusProperties] is not eligible for getting processed by all BeanPostProcessors (for example: not eligible for auto-proxying)
2020-05-31 05:32:21 INFO  restartedMain org.springframework.context.support.PostProcessorRegistrationDelegate$BeanPostProcessorChecker Bean 'mybatisPlusConfigure' of type [com.bysj.office.common.configure.MybatisPlusConfigure$$EnhancerBySpringCGLIB$$7237c9f9] is not eligible for getting processed by all BeanPostProcessors (for example: not eligible for auto-proxying)
2020-05-31 05:32:21 INFO  restartedMain org.springframework.context.support.PostProcessorRegistrationDelegate$BeanPostProcessorChecker Bean 'paginationInterceptor' of type [com.baomidou.mybatisplus.extension.plugins.PaginationInterceptor] is not eligible for getting processed by all BeanPostProcessors (for example: not eligible for auto-proxying)
2020-05-31 05:32:21 INFO  restartedMain org.springframework.context.support.PostProcessorRegistrationDelegate$BeanPostProcessorChecker Bean 'com.baomidou.mybatisplus.autoconfigure.MybatisPlusAutoConfiguration' of type [com.baomidou.mybatisplus.autoconfigure.MybatisPlusAutoConfiguration$$EnhancerBySpringCGLIB$$27699189] is not eligible for getting processed by all BeanPostProcessors (for example: not eligible for auto-proxying)
2020-05-31 05:32:21 INFO  restartedMain org.springframework.context.support.PostProcessorRegistrationDelegate$BeanPostProcessorChecker Bean 'dynamicDataSourceCreator' of type [com.baomidou.dynamic.datasource.DynamicDataSourceCreator] is not eligible for getting processed by all BeanPostProcessors (for example: not eligible for auto-proxying)
2020-05-31 05:32:21 INFO  restartedMain org.springframework.context.support.PostProcessorRegistrationDelegate$BeanPostProcessorChecker Bean 'dynamicDataSourceProvider' of type [com.baomidou.dynamic.datasource.provider.YmlDynamicDataSourceProvider] is not eligible for getting processed by all BeanPostProcessors (for example: not eligible for auto-proxying)
2020-05-31 05:32:21 INFO  restartedMain com.baomidou.dynamic.datasource.DynamicRoutingDataSource dynamic-datasource detect P6SPY plugin and enabled it
2020-05-31 05:32:21 INFO  restartedMain com.zaxxer.hikari.HikariDataSource base - Starting...
2020-05-31 05:32:21 INFO  restartedMain com.zaxxer.hikari.HikariDataSource base - Start completed.
2020-05-31 05:32:21 INFO  restartedMain com.baomidou.dynamic.datasource.DynamicRoutingDataSource dynamic-datasource - load a datasource named [base] success
2020-05-31 05:32:21 INFO  restartedMain com.baomidou.dynamic.datasource.DynamicRoutingDataSource dynamic-datasource initial loaded [1] datasource,primary datasource named [base]
2020-05-31 05:32:21 INFO  restartedMain org.springframework.context.support.PostProcessorRegistrationDelegate$BeanPostProcessorChecker Bean 'dataSource' of type [com.baomidou.dynamic.datasource.DynamicRoutingDataSource] is not eligible for getting processed by all BeanPostProcessors (for example: not eligible for auto-proxying)
2020-05-31 05:32:21 INFO  restartedMain org.springframework.context.support.PostProcessorRegistrationDelegate$BeanPostProcessorChecker Bean 'spring.datasource-org.springframework.boot.autoconfigure.jdbc.DataSourceProperties' of type [org.springframework.boot.autoconfigure.jdbc.DataSourceProperties] is not eligible for getting processed by all BeanPostProcessors (for example: not eligible for auto-proxying)
2020-05-31 05:32:21 INFO  restartedMain org.springframework.context.support.PostProcessorRegistrationDelegate$BeanPostProcessorChecker Bean 'org.springframework.boot.autoconfigure.jdbc.DataSourceInitializerInvoker' of type [org.springframework.boot.autoconfigure.jdbc.DataSourceInitializerInvoker] is not eligible for getting processed by all BeanPostProcessors (for example: not eligible for auto-proxying)
2020-05-31 05:32:22 INFO  restartedMain org.springframework.context.support.PostProcessorRegistrationDelegate$BeanPostProcessorChecker Bean 'sqlSessionFactory' of type [org.apache.ibatis.session.defaults.DefaultSqlSessionFactory] is not eligible for getting processed by all BeanPostProcessors (for example: not eligible for auto-proxying)
2020-05-31 05:32:22 INFO  restartedMain org.springframework.context.support.PostProcessorRegistrationDelegate$BeanPostProcessorChecker Bean 'sqlSessionTemplate' of type [org.mybatis.spring.SqlSessionTemplate] is not eligible for getting processed by all BeanPostProcessors (for example: not eligible for auto-proxying)
2020-05-31 05:32:22 INFO  restartedMain org.springframework.context.support.PostProcessorRegistrationDelegate$BeanPostProcessorChecker Bean 'userMapper' of type [org.mybatis.spring.mapper.MapperFactoryBean] is not eligible for getting processed by all BeanPostProcessors (for example: not eligible for auto-proxying)
2020-05-31 05:32:22 INFO  restartedMain org.springframework.context.support.PostProcessorRegistrationDelegate$BeanPostProcessorChecker Bean 'userMapper' of type [com.sun.proxy.$Proxy118] is not eligible for getting processed by all BeanPostProcessors (for example: not eligible for auto-proxying)
2020-05-31 05:32:22 INFO  restartedMain org.springframework.context.support.PostProcessorRegistrationDelegate$BeanPostProcessorChecker Bean 'userRoleMapper' of type [org.mybatis.spring.mapper.MapperFactoryBean] is not eligible for getting processed by all BeanPostProcessors (for example: not eligible for auto-proxying)
2020-05-31 05:32:22 INFO  restartedMain org.springframework.context.support.PostProcessorRegistrationDelegate$BeanPostProcessorChecker Bean 'userRoleMapper' of type [com.sun.proxy.$Proxy119] is not eligible for getting processed by all BeanPostProcessors (for example: not eligible for auto-proxying)
2020-05-31 05:32:22 INFO  restartedMain org.springframework.context.support.PostProcessorRegistrationDelegate$BeanPostProcessorChecker Bean 'userRoleServiceImpl' of type [com.bysj.office.system.service.impl.UserRoleServiceImpl] is not eligible for getting processed by all BeanPostProcessors (for example: not eligible for auto-proxying)
2020-05-31 05:32:22 INFO  restartedMain org.springframework.context.support.PostProcessorRegistrationDelegate$BeanPostProcessorChecker Bean 'userServiceImpl' of type [com.bysj.office.system.service.impl.UserServiceImpl] is not eligible for getting processed by all BeanPostProcessors (for example: not eligible for auto-proxying)
2020-05-31 05:32:22 INFO  restartedMain org.springframework.context.support.PostProcessorRegistrationDelegate$BeanPostProcessorChecker Bean 'roleMapper' of type [org.mybatis.spring.mapper.MapperFactoryBean] is not eligible for getting processed by all BeanPostProcessors (for example: not eligible for auto-proxying)
2020-05-31 05:32:22 INFO  restartedMain org.springframework.context.support.PostProcessorRegistrationDelegate$BeanPostProcessorChecker Bean 'roleMapper' of type [com.sun.proxy.$Proxy122] is not eligible for getting processed by all BeanPostProcessors (for example: not eligible for auto-proxying)
2020-05-31 05:32:22 INFO  restartedMain org.springframework.context.support.PostProcessorRegistrationDelegate$BeanPostProcessorChecker Bean 'roleMenuMapper' of type [org.mybatis.spring.mapper.MapperFactoryBean] is not eligible for getting processed by all BeanPostProcessors (for example: not eligible for auto-proxying)
2020-05-31 05:32:22 INFO  restartedMain org.springframework.context.support.PostProcessorRegistrationDelegate$BeanPostProcessorChecker Bean 'roleMenuMapper' of type [com.sun.proxy.$Proxy123] is not eligible for getting processed by all BeanPostProcessors (for example: not eligible for auto-proxying)
2020-05-31 05:32:22 INFO  restartedMain org.springframework.context.support.PostProcessorRegistrationDelegate$BeanPostProcessorChecker Bean 'roleMenuServiceImpl' of type [com.bysj.office.system.service.impl.RoleMenuServiceImpl] is not eligible for getting processed by all BeanPostProcessors (for example: not eligible for auto-proxying)
2020-05-31 05:32:22 INFO  restartedMain org.springframework.context.support.PostProcessorRegistrationDelegate$BeanPostProcessorChecker Bean 'roleServiceImpl' of type [com.bysj.office.system.service.impl.RoleServiceImpl] is not eligible for getting processed by all BeanPostProcessors (for example: not eligible for auto-proxying)
2020-05-31 05:32:22 INFO  restartedMain org.springframework.context.support.PostProcessorRegistrationDelegate$BeanPostProcessorChecker Bean 'menuMapper' of type [org.mybatis.spring.mapper.MapperFactoryBean] is not eligible for getting processed by all BeanPostProcessors (for example: not eligible for auto-proxying)
2020-05-31 05:32:22 INFO  restartedMain org.springframework.context.support.PostProcessorRegistrationDelegate$BeanPostProcessorChecker Bean 'menuMapper' of type [com.sun.proxy.$Proxy126] is not eligible for getting processed by all BeanPostProcessors (for example: not eligible for auto-proxying)
2020-05-31 05:32:22 INFO  restartedMain org.springframework.context.support.PostProcessorRegistrationDelegate$BeanPostProcessorChecker Bean 'menuServiceImpl' of type [com.bysj.office.system.service.impl.MenuServiceImpl] is not eligible for getting processed by all BeanPostProcessors (for example: not eligible for auto-proxying)
2020-05-31 05:32:22 INFO  restartedMain org.springframework.context.support.PostProcessorRegistrationDelegate$BeanPostProcessorChecker Bean 'shiroRealm' of type [com.bysj.office.common.authentication.ShiroRealm] is not eligible for getting processed by all BeanPostProcessors (for example: not eligible for auto-proxying)
2020-05-31 05:32:23 INFO  restartedMain org.springframework.context.support.PostProcessorRegistrationDelegate$BeanPostProcessorChecker Bean 'redisSessionDAO' of type [org.crazycake.shiro.RedisSessionDAO] is not eligible for getting processed by all BeanPostProcessors (for example: not eligible for auto-proxying)
2020-05-31 05:32:23 INFO  restartedMain org.springframework.context.support.PostProcessorRegistrationDelegate$BeanPostProcessorChecker Bean 'sessionManager' of type [org.apache.shiro.web.session.mgt.DefaultWebSessionManager] is not eligible for getting processed by all BeanPostProcessors (for example: not eligible for auto-proxying)
2020-05-31 05:32:23 INFO  restartedMain org.springframework.context.support.PostProcessorRegistrationDelegate$BeanPostProcessorChecker Bean 'securityManager' of type [org.apache.shiro.web.mgt.DefaultWebSecurityManager] is not eligible for getting processed by all BeanPostProcessors (for example: not eligible for auto-proxying)
2020-05-31 05:32:23 INFO  restartedMain org.springframework.context.support.PostProcessorRegistrationDelegate$BeanPostProcessorChecker Bean 'authorizationAttributeSourceAdvisor' of type [org.apache.shiro.spring.security.interceptor.AuthorizationAttributeSourceAdvisor] is not eligible for getting processed by all BeanPostProcessors (for example: not eligible for auto-proxying)
2020-05-31 05:32:23 INFO  restartedMain org.springframework.boot.web.embedded.tomcat.TomcatWebServer Tomcat initialized with port(s): 8080 (http)
2020-05-31 05:32:23 INFO  restartedMain org.apache.coyote.http11.Http11NioProtocol Initializing ProtocolHandler ["http-nio-8080"]
2020-05-31 05:32:23 INFO  restartedMain org.apache.catalina.core.StandardService Starting service [Tomcat]
2020-05-31 05:32:23 INFO  restartedMain org.apache.catalina.core.StandardEngine Starting Servlet engine: [Apache Tomcat/9.0.33]
2020-05-31 05:32:23 INFO  restartedMain org.apache.catalina.core.ContainerBase.[Tomcat].[localhost].[/] Initializing Spring embedded WebApplicationContext
2020-05-31 05:32:23 INFO  restartedMain org.springframework.web.context.ContextLoader Root WebApplicationContext: initialization completed in 4799 ms
2020-05-31 05:32:25 INFO  restartedMain org.springframework.boot.actuate.endpoint.web.EndpointLinksResolver Exposing 2 endpoint(s) beneath base path '/actuator'
2020-05-31 05:32:25 INFO  restartedMain springfox.documentation.spring.web.PropertySourcedRequestMappingHandlerMapping Mapped URL path [/v2/api-docs] onto method [springfox.documentation.swagger2.web.Swagger2Controller#getDocumentation(String, HttpServletRequest)]
2020-05-31 05:32:25 INFO  restartedMain org.springframework.scheduling.concurrent.ThreadPoolTaskExecutor Initializing ExecutorService
2020-05-31 05:32:25 INFO  restartedMain org.springframework.scheduling.concurrent.ThreadPoolTaskExecutor Initializing ExecutorService 'febsAsyncThreadPool'
2020-05-31 05:32:25 INFO  restartedMain org.springframework.boot.devtools.autoconfigure.OptionalLiveReloadServer LiveReload server is running on port 35729
2020-05-31 05:32:25 INFO  restartedMain org.springframework.boot.autoconfigure.web.servlet.WelcomePageHandlerMapping Adding welcome page template: index
2020-05-31 05:32:26 INFO  restartedMain org.quartz.impl.StdSchedulerFactory Using default implementation for ThreadExecutor
2020-05-31 05:32:26 INFO  restartedMain org.quartz.core.SchedulerSignalerImpl Initialized Scheduler Signaller of type: class org.quartz.core.SchedulerSignalerImpl
2020-05-31 05:32:26 INFO  restartedMain org.quartz.core.QuartzScheduler Quartz Scheduler v.2.3.2 created.
2020-05-31 05:32:26 INFO  restartedMain org.quartz.simpl.RAMJobStore RAMJobStore initialized.
2020-05-31 05:32:26 INFO  restartedMain org.quartz.core.QuartzScheduler Scheduler meta-data: Quartz Scheduler (v2.3.2) 'quartzScheduler' with instanceId 'NON_CLUSTERED'
  Scheduler class: 'org.quartz.core.QuartzScheduler' - running locally.
  NOT STARTED.
  Currently in standby mode.
  Number of jobs executed: 0
  Using thread pool 'org.quartz.simpl.SimpleThreadPool' - with 10 threads.
  Using job-store 'org.quartz.simpl.RAMJobStore' - which does not support persistence. and is not clustered.

2020-05-31 05:32:26 INFO  restartedMain org.quartz.impl.StdSchedulerFactory Quartz scheduler 'quartzScheduler' initialized from an externally provided properties instance.
2020-05-31 05:32:26 INFO  restartedMain org.quartz.impl.StdSchedulerFactory Quartz scheduler version: 2.3.2
2020-05-31 05:32:26 INFO  restartedMain org.quartz.core.QuartzScheduler JobFactory set to: org.springframework.scheduling.quartz.SpringBeanJobFactory@130c8b
2020-05-31 05:32:26 INFO  restartedMain springfox.documentation.spring.web.plugins.DocumentationPluginsBootstrapper Context refreshed
2020-05-31 05:32:26 INFO  restartedMain springfox.documentation.spring.web.plugins.DocumentationPluginsBootstrapper Found 1 custom documentation plugin(s)
2020-05-31 05:32:26 INFO  restartedMain springfox.documentation.spring.web.scanners.ApiListingReferenceScanner Scanning for api listing references
2020-05-31 05:32:26 INFO  restartedMain springfox.documentation.spring.web.readers.operation.CachingOperationNameGenerator Generating unique operation named: exportUsingPOST_1
2020-05-31 05:32:26 INFO  restartedMain springfox.documentation.spring.web.readers.operation.CachingOperationNameGenerator Generating unique operation named: exportUsingPOST_2
2020-05-31 05:32:26 INFO  restartedMain springfox.documentation.spring.web.readers.operation.CachingOperationNameGenerator Generating unique operation named: exportUsingPOST_3
2020-05-31 05:32:26 INFO  restartedMain springfox.documentation.spring.web.readers.operation.CachingOperationNameGenerator Generating unique operation named: exportUsingPOST_4
2020-05-31 05:32:26 INFO  restartedMain springfox.documentation.spring.web.readers.operation.CachingOperationNameGenerator Generating unique operation named: exportUsingPOST_5
2020-05-31 05:32:26 INFO  restartedMain springfox.documentation.spring.web.readers.operation.CachingOperationNameGenerator Generating unique operation named: exportUsingGET_1
2020-05-31 05:32:26 INFO  restartedMain springfox.documentation.spring.web.readers.operation.CachingOperationNameGenerator Generating unique operation named: exportUsingPOST_6
2020-05-31 05:32:26 INFO  restartedMain springfox.documentation.spring.web.readers.operation.CachingOperationNameGenerator Generating unique operation named: exportUsingGET_2
2020-05-31 05:32:26 INFO  restartedMain springfox.documentation.spring.web.readers.operation.CachingOperationNameGenerator Generating unique operation named: indexUsingGET_1
2020-05-31 05:32:26 INFO  restartedMain org.springframework.scheduling.quartz.SchedulerFactoryBean Starting Quartz Scheduler now
2020-05-31 05:32:26 INFO  restartedMain org.quartz.core.QuartzScheduler Scheduler quartzScheduler_$_NON_CLUSTERED started.
2020-05-31 05:32:26 INFO  restartedMain org.apache.coyote.http11.Http11NioProtocol Starting ProtocolHandler ["http-nio-8080"]
2020-05-31 05:32:26 INFO  restartedMain org.springframework.boot.web.embedded.tomcat.TomcatWebServer Tomcat started on port(s): 8080 (http) with context path ''
2020-05-31 05:32:27 INFO  restartedMain com.bysj.office.OfficeApplication Started OfficeApplication in 8.813 seconds (JVM running for 10.149)
2020-05-31 05:32:27 INFO  restartedMain io.lettuce.core.EpollProvider Starting without optional epoll library
2020-05-31 05:32:27 INFO  restartedMain io.lettuce.core.KqueueProvider Starting without optional kqueue library
2020-05-31 05:32:27 INFO  restartedMain com.bysj.office.common.runner.FebsStartedUpRunner Campus office management system boot up! URL：http://192.168.145.130:8080/login
2020-05-31 05:32:29 INFO  http-nio-8080-exec-1 org.apache.catalina.core.ContainerBase.[Tomcat].[localhost].[/] Initializing Spring DispatcherServlet 'dispatcherServlet'
2020-05-31 05:32:29 INFO  http-nio-8080-exec-1 org.springframework.web.servlet.DispatcherServlet Initializing Servlet 'dispatcherServlet'
2020-05-31 05:32:29 INFO  http-nio-8080-exec-1 org.springframework.web.servlet.DispatcherServlet Completed initialization in 12 ms
2020-05-31 05:32:29 INFO  http-nio-8080-exec-1 org.apache.shiro.session.mgt.AbstractValidatingSessionManager Enabling session validation scheduler...
